<?xml version="1.0" encoding="UTF-8"?>
<!-- Generated by org.testng.reporters.JUnitReportReporter -->
<testsuite skipped="0" hostname="MacBook-Pro.local" name="com.amazonaws.tests.AwsCalculatorTests" tests="2" failures="0" timestamp="07 Mar 2018 02:59:14 GMT" time="1.553" errors="0">
  <testcase name="defaultMonthlyBillTest" time="1.092" classname="com.amazonaws.tests.AwsCalculatorTests"/>
  <testcase name="addingMachineTests" time="0.461" classname="com.amazonaws.tests.AwsCalculatorTests"/>
</testsuite> <!-- com.amazonaws.tests.AwsCalculatorTests -->
